TN:
SF:/Users/yaroslavtumanov/ytumanov/lectrum_node/lesson2/back/hw8/task-1/index.js
FN:1,(anonymous_0)
FN:44,(anonymous_1)
FN:57,(anonymous_2)
FN:65,(anonymous_3)
FNF:4
FNH:4
FNDA:11,(anonymous_0)
FNDA:8,(anonymous_1)
FNDA:41,(anonymous_2)
FNDA:13,(anonymous_3)
DA:1,1
DA:2,11
DA:3,11
DA:4,1
DA:7,10
DA:8,1
DA:11,9
DA:12,1
DA:15,8
DA:16,1
DA:19,7
DA:20,1
DA:23,6
DA:24,1
DA:27,5
DA:28,1
DA:31,4
DA:32,1
DA:35,3
DA:36,1
DA:39,2
DA:40,1
DA:44,1
DA:45,8
DA:55,8
DA:56,15
DA:57,41
DA:59,10
DA:60,1
DA:65,13
DA:67,5
DA:68,0
DA:72,5
DA:77,1
LF:34
LH:33
BRDA:3,0,0,1
BRDA:3,0,1,10
BRDA:7,1,0,1
BRDA:7,1,1,9
BRDA:11,2,0,1
BRDA:11,2,1,8
BRDA:15,3,0,1
BRDA:15,3,1,7
BRDA:19,4,0,1
BRDA:19,4,1,6
BRDA:23,5,0,1
BRDA:23,5,1,5
BRDA:27,6,0,1
BRDA:27,6,1,4
BRDA:31,7,0,1
BRDA:31,7,1,3
BRDA:35,8,0,1
BRDA:35,8,1,2
BRDA:39,9,0,1
BRDA:39,9,1,1
BRDA:56,10,0,10
BRDA:56,10,1,5
BRDA:56,11,0,15
BRDA:56,11,1,15
BRDA:59,12,0,1
BRDA:59,12,1,9
BRDA:67,13,0,0
BRDA:67,13,1,5
BRF:28
BRH:27
end_of_record
