<?xml version="1.0" encoding="UTF-8"?>
<coverage generated="1550280368169" clover="3.2.0">
  <project timestamp="1550280368169" name="All files">
    <metrics statements="25" coveredstatements="25" conditionals="6" coveredconditionals="6" methods="8" coveredmethods="8" elements="39" coveredelements="39" complexity="0" loc="25" ncloc="25" packages="1" files="1" classes="1"/>
    <file name="index.js" path="/Users/yaroslavtumanov/ytumanov/lectrum_node/lesson2/back/hw8/task-2/index.js">
      <metrics statements="25" coveredstatements="25" conditionals="6" coveredconditionals="6" methods="8" coveredmethods="8"/>
      <line num="1" count="1" type="stmt"/>
      <line num="5" count="7" type="stmt"/>
      <line num="7" count="7" type="stmt"/>
      <line num="9" count="7" type="stmt"/>
      <line num="11" count="7" type="stmt"/>
      <line num="12" count="3" type="stmt"/>
      <line num="17" count="7" type="stmt"/>
      <line num="19" count="6" type="stmt"/>
      <line num="20" count="6" type="stmt"/>
      <line num="22" count="6" type="stmt"/>
      <line num="24" count="6" type="stmt"/>
      <line num="28" count="7" type="stmt"/>
      <line num="29" count="2" type="stmt"/>
      <line num="32" count="7" type="cond" truecount="2" falsecount="0"/>
      <line num="33" count="1" type="stmt"/>
      <line num="41" count="3" type="cond" truecount="2" falsecount="0"/>
      <line num="42" count="1" type="stmt"/>
      <line num="45" count="2" type="stmt"/>
      <line num="47" count="2" type="cond" truecount="2" falsecount="0"/>
      <line num="48" count="1" type="stmt"/>
      <line num="54" count="1" type="stmt"/>
      <line num="55" count="1" type="stmt"/>
      <line num="57" count="1" type="stmt"/>
      <line num="59" count="1" type="stmt"/>
      <line num="63" count="1" type="stmt"/>
    </file>
  </project>
</coverage>
