<?xml version="1.0" encoding="UTF-8"?>
<coverage generated="1550493520001" clover="3.2.0">
  <project timestamp="1550493520001" name="All files">
    <metrics statements="25" coveredstatements="12" conditionals="6" coveredconditionals="2" methods="8" coveredmethods="2" elements="39" coveredelements="16" complexity="0" loc="25" ncloc="25" packages="1" files="1" classes="1"/>
    <file name="index.js" path="/Users/yaroslavtumanov/ytumanov/lectrum_node/lesson2/back/hw8/task-2/index.js">
      <metrics statements="25" coveredstatements="12" conditionals="6" coveredconditionals="2" methods="8" coveredmethods="2"/>
      <line num="1" count="1" type="stmt"/>
      <line num="5" count="1" type="stmt"/>
      <line num="7" count="1" type="stmt"/>
      <line num="9" count="1" type="stmt"/>
      <line num="11" count="1" type="stmt"/>
      <line num="12" count="0" type="stmt"/>
      <line num="17" count="0" type="stmt"/>
      <line num="19" count="0" type="stmt"/>
      <line num="20" count="0" type="stmt"/>
      <line num="22" count="0" type="stmt"/>
      <line num="24" count="0" type="stmt"/>
      <line num="28" count="0" type="stmt"/>
      <line num="29" count="0" type="stmt"/>
      <line num="32" count="0" type="cond" truecount="0" falsecount="2"/>
      <line num="33" count="0" type="stmt"/>
      <line num="41" count="1" type="cond" truecount="1" falsecount="1"/>
      <line num="42" count="0" type="stmt"/>
      <line num="45" count="1" type="stmt"/>
      <line num="47" count="1" type="cond" truecount="1" falsecount="1"/>
      <line num="48" count="1" type="stmt"/>
      <line num="54" count="1" type="stmt"/>
      <line num="55" count="1" type="stmt"/>
      <line num="57" count="0" type="stmt"/>
      <line num="59" count="0" type="stmt"/>
      <line num="63" count="1" type="stmt"/>
    </file>
  </project>
</coverage>
