TN:
SF:/Users/yaroslavtumanov/ytumanov/lectrum_node/lesson2/back/hw8/task-2/index.js
FN:4,(anonymous_0)
FN:9,(anonymous_1)
FN:11,(anonymous_2)
FN:16,(anonymous_3)
FN:27,(anonymous_4)
FN:29,(anonymous_5)
FN:40,(anonymous_6)
FN:45,(anonymous_7)
FNF:8
FNH:8
FNDA:7,(anonymous_0)
FNDA:3,(anonymous_1)
FNDA:3,(anonymous_2)
FNDA:7,(anonymous_3)
FNDA:7,(anonymous_4)
FNDA:2,(anonymous_5)
FNDA:3,(anonymous_6)
FNDA:1,(anonymous_7)
DA:1,1
DA:5,7
DA:7,7
DA:9,7
DA:11,7
DA:12,3
DA:17,7
DA:19,6
DA:20,6
DA:22,6
DA:24,6
DA:28,7
DA:29,2
DA:32,7
DA:33,1
DA:41,3
DA:42,1
DA:45,2
DA:47,2
DA:48,1
DA:54,1
DA:55,1
DA:57,1
DA:59,1
DA:63,1
LF:25
LH:25
BRDA:32,0,0,1
BRDA:32,0,1,6
BRDA:41,1,0,1
BRDA:41,1,1,2
BRDA:47,2,0,1
BRDA:47,2,1,1
BRF:6
BRH:6
end_of_record
