TN:
SF:/Users/yaroslavtumanov/ytumanov/lectrum_node/lesson2/back/hw8/task-2/index.js
FN:4,(anonymous_0)
FN:9,(anonymous_1)
FN:11,(anonymous_2)
FN:16,(anonymous_3)
FN:27,(anonymous_4)
FN:29,(anonymous_5)
FN:40,(anonymous_6)
FN:45,(anonymous_7)
FNF:8
FNH:2
FNDA:1,(anonymous_0)
FNDA:0,(anonymous_1)
FNDA:0,(anonymous_2)
FNDA:0,(anonymous_3)
FNDA:0,(anonymous_4)
FNDA:0,(anonymous_5)
FNDA:1,(anonymous_6)
FNDA:0,(anonymous_7)
DA:1,1
DA:5,1
DA:7,1
DA:9,1
DA:11,1
DA:12,0
DA:17,0
DA:19,0
DA:20,0
DA:22,0
DA:24,0
DA:28,0
DA:29,0
DA:32,0
DA:33,0
DA:41,1
DA:42,0
DA:45,1
DA:47,1
DA:48,1
DA:54,1
DA:55,1
DA:57,0
DA:59,0
DA:63,1
LF:25
LH:12
BRDA:32,0,0,0
BRDA:32,0,1,0
BRDA:41,1,0,0
BRDA:41,1,1,1
BRDA:47,2,0,1
BRDA:47,2,1,0
BRF:6
BRH:2
end_of_record
